SF:lib\core\common\exception.dart
DA:6,2
LF:1
LH:1
end_of_record
SF:lib\movie\data\datasources\movie_local_data_source.dart
DA:15,1
DA:17,1
DA:20,2
DA:23,2
DA:27,1
DA:30,2
DA:33,2
DA:37,1
DA:39,2
DA:41,1
DA:47,1
DA:49,2
DA:50,4
LF:13
LH:13
end_of_record
SF:lib\movie\data\models\movie_table.dart
DA:11,2
DA:18,2
DA:19,1
DA:20,1
DA:21,1
DA:22,1
DA:25,2
DA:26,1
DA:27,1
DA:28,1
DA:29,1
DA:32,0
DA:33,0
DA:34,0
DA:35,0
DA:36,0
DA:39,2
DA:40,1
DA:41,1
DA:42,1
DA:43,1
DA:46,2
DA:47,10
LF:23
LH:18
end_of_record
SF:lib\tv_series\data\models\tv_series_table.dart
DA:11,2
DA:18,2
DA:19,1
DA:20,1
DA:21,1
DA:22,1
DA:25,2
DA:26,1
DA:27,1
DA:28,1
DA:29,1
DA:32,2
DA:33,1
DA:34,1
DA:35,1
DA:36,1
DA:39,2
DA:40,1
DA:41,1
DA:42,1
DA:43,1
DA:46,1
DA:47,5
LF:23
LH:23
end_of_record
SF:lib\core\common\genre.dart
DA:4,3
DA:12,3
DA:13,9
LF:3
LH:3
end_of_record
SF:lib\movie\domain\entities\movie.dart
DA:4,5
DA:20,2
DA:50,5
DA:51,5
DA:52,5
DA:53,5
DA:54,5
DA:55,5
DA:56,5
DA:57,5
DA:58,5
DA:59,5
DA:60,5
DA:61,5
DA:62,5
DA:63,5
DA:64,5
LF:17
LH:17
end_of_record
SF:lib\movie\domain\entities\movie_detail.dart
DA:5,2
DA:33,2
DA:34,2
DA:35,2
DA:36,2
DA:37,2
DA:38,2
DA:39,2
DA:40,2
DA:41,2
DA:42,2
DA:43,2
DA:44,2
DA:45,2
LF:14
LH:14
end_of_record
SF:lib\tv_series\domain\entities\tv_series.dart
DA:4,2
DA:21,2
DA:53,7
DA:54,7
DA:55,7
DA:56,7
DA:57,7
DA:58,7
DA:59,7
DA:60,7
DA:61,7
DA:62,7
DA:63,7
DA:64,7
DA:65,7
DA:66,7
DA:67,7
DA:68,7
LF:18
LH:18
end_of_record
SF:lib\tv_series\domain\entities\tv_series_detail.dart
DA:5,2
DA:23,1
DA:24,1
DA:25,1
DA:26,1
DA:27,1
DA:28,1
DA:29,1
DA:30,1
DA:31,1
DA:36,2
DA:68,1
DA:69,1
DA:70,1
DA:71,1
DA:72,1
DA:73,1
DA:74,1
DA:75,1
DA:76,1
DA:77,1
DA:78,1
DA:79,1
DA:80,1
DA:81,1
DA:82,1
DA:83,1
LF:27
LH:27
end_of_record
SF:lib\core\common\failure.dart
DA:6,1
DA:8,1
DA:9,2
DA:13,0
DA:17,0
DA:21,2
LF:6
LH:4
end_of_record
SF:lib\core\database\database_helper.dart
DA:9,0
DA:13,0
DA:17,0
DA:18,0
DA:25,0
DA:26,0
DA:27,0
DA:29,0
DA:33,0
DA:34,0
DA:42,0
DA:52,0
DA:53,0
DA:54,0
DA:57,0
DA:58,0
DA:59,0
DA:62,0
DA:66,0
DA:67,0
DA:68,0
DA:71,0
DA:74,0
DA:75,0
DA:81,0
DA:82,0
DA:83,0
DA:89,0
DA:90,0
DA:91,0
DA:94,0
DA:95,0
DA:96,0
DA:99,0
DA:103,0
DA:104,0
DA:105,0
DA:108,0
DA:111,0
DA:112,0
DA:118,0
DA:119,0
DA:121,0
LF:43
LH:0
end_of_record
SF:lib\movie\data\datasources\movie_remote_data_source.dart
DA:24,1
DA:26,1
DA:29,3
DA:31,2
DA:32,4
DA:34,1
DA:38,1
DA:41,4
DA:43,2
DA:44,3
DA:46,1
DA:50,1
DA:52,1
DA:53,3
DA:55,2
DA:56,4
DA:58,1
DA:62,1
DA:65,3
DA:67,2
DA:68,4
DA:70,1
DA:74,1
DA:77,3
DA:79,2
DA:80,4
DA:82,1
DA:86,1
DA:88,1
DA:89,3
DA:91,2
DA:92,4
DA:94,1
LF:33
LH:33
end_of_record
SF:lib\movie\data\models\movie_detail_model.dart
DA:6,1
DA:52,1
DA:53,1
DA:54,1
DA:55,1
DA:56,1
DA:57,1
DA:58,4
DA:59,1
DA:60,1
DA:61,1
DA:62,1
DA:63,1
DA:64,1
DA:65,2
DA:66,1
DA:67,1
DA:68,1
DA:69,1
DA:70,1
DA:71,1
DA:72,1
DA:73,1
DA:74,2
DA:75,1
DA:78,0
DA:79,0
DA:80,0
DA:81,0
DA:82,0
DA:83,0
DA:84,0
DA:85,0
DA:86,0
DA:87,0
DA:88,0
DA:89,0
DA:90,0
DA:91,0
DA:92,0
DA:93,0
DA:94,0
DA:95,0
DA:96,0
DA:97,0
DA:98,0
DA:99,0
DA:102,1
DA:103,1
DA:104,1
DA:105,1
DA:106,5
DA:107,1
DA:108,1
DA:109,1
DA:110,1
DA:111,1
DA:112,1
DA:113,1
DA:114,1
DA:115,1
DA:119,1
DA:120,1
DA:121,1
DA:122,1
DA:123,1
DA:124,1
DA:125,1
DA:126,1
DA:127,1
DA:128,1
DA:129,1
DA:130,1
DA:131,1
DA:132,1
DA:133,1
DA:134,1
DA:135,1
DA:136,1
DA:137,1
DA:138,1
DA:139,1
DA:140,1
DA:141,1
LF:84
LH:62
end_of_record
SF:lib\movie\data\models\movie_model.dart
DA:5,3
DA:35,4
DA:36,2
DA:37,2
DA:38,8
DA:39,2
DA:40,2
DA:41,2
DA:42,4
DA:43,2
DA:44,2
DA:45,2
DA:46,2
DA:47,4
DA:48,2
DA:51,2
DA:52,1
DA:53,1
DA:54,4
DA:55,1
DA:56,1
DA:57,1
DA:58,1
DA:59,1
DA:60,1
DA:61,1
DA:62,1
DA:63,1
DA:64,1
DA:67,2
DA:68,2
DA:69,2
DA:70,2
DA:71,2
DA:72,2
DA:73,2
DA:74,2
DA:75,2
DA:76,2
DA:77,2
DA:78,2
DA:79,2
DA:80,2
DA:81,2
DA:85,2
DA:86,2
DA:87,2
DA:88,2
DA:89,2
DA:90,2
DA:91,2
DA:92,2
DA:93,2
DA:94,2
DA:95,2
DA:96,2
DA:97,2
DA:98,2
DA:99,2
LF:59
LH:59
end_of_record
SF:lib\tv_series\data\datasources\tv_series_local_data_source.dart
DA:15,0
DA:17,0
DA:20,0
DA:23,0
DA:27,0
DA:30,0
DA:33,0
DA:37,0
DA:39,0
DA:41,0
DA:47,0
DA:49,0
DA:50,0
LF:13
LH:0
end_of_record
SF:lib\tv_series\data\datasources\tv_series_remote_data_source.dart
DA:24,0
DA:26,0
DA:29,0
DA:31,0
DA:32,0
DA:33,0
DA:35,0
DA:39,0
DA:42,0
DA:44,0
DA:45,0
DA:46,0
DA:48,0
DA:52,0
DA:55,0
DA:57,0
DA:58,0
DA:59,0
DA:61,0
DA:65,0
DA:67,0
DA:69,0
DA:70,0
DA:72,0
DA:76,0
DA:78,0
DA:79,0
DA:81,0
DA:82,0
DA:83,0
DA:85,0
DA:89,0
DA:91,0
DA:92,0
DA:94,0
DA:95,0
DA:96,0
DA:98,0
LF:38
LH:0
end_of_record
SF:lib\tv_series\data\models\tv_series_detail_model.dart
DA:6,1
DA:24,2
DA:25,1
DA:26,1
DA:27,1
DA:28,1
DA:29,1
DA:30,1
DA:31,1
DA:34,2
DA:35,1
DA:36,1
DA:37,1
DA:38,1
DA:39,1
DA:40,1
DA:41,1
DA:44,1
DA:45,1
DA:46,1
DA:47,1
DA:48,1
DA:49,1
DA:50,1
DA:51,1
DA:52,1
DA:56,0
DA:57,0
DA:58,0
DA:59,0
DA:60,0
DA:61,0
DA:62,0
DA:63,0
DA:64,0
DA:69,1
DA:101,1
DA:102,1
DA:103,1
DA:104,1
DA:105,1
DA:106,4
DA:107,1
DA:108,1
DA:109,1
DA:110,1
DA:111,1
DA:112,1
DA:113,2
DA:114,1
DA:115,1
DA:116,1
DA:117,1
DA:118,4
DA:121,2
DA:122,1
DA:123,1
DA:124,5
DA:125,1
DA:126,1
DA:127,1
DA:128,1
DA:129,1
DA:130,1
DA:131,1
DA:132,1
DA:133,1
DA:134,1
DA:135,5
DA:138,1
DA:139,1
DA:140,1
DA:141,1
DA:142,5
DA:143,1
DA:144,1
DA:145,1
DA:146,1
DA:147,1
DA:148,1
DA:149,1
DA:150,1
DA:151,1
DA:152,1
DA:153,5
DA:157,0
DA:158,0
DA:159,0
DA:160,0
DA:161,0
DA:162,0
DA:163,0
DA:164,0
DA:165,0
DA:166,0
DA:167,0
DA:168,0
DA:169,0
DA:170,0
DA:171,0
DA:172,0
LF:101
LH:76
end_of_record
SF:lib\tv_series\data\models\tv_series_model.dart
DA:5,2
DA:37,4
DA:38,2
DA:39,2
DA:40,8
DA:41,2
DA:42,8
DA:43,2
DA:44,2
DA:45,2
DA:46,4
DA:47,2
DA:48,2
DA:49,2
DA:50,4
DA:51,2
DA:54,4
DA:55,2
DA:56,2
DA:57,8
DA:58,2
DA:59,8
DA:60,2
DA:61,2
DA:62,2
DA:63,2
DA:64,2
DA:65,2
DA:66,2
DA:67,2
DA:68,2
DA:71,1
DA:72,1
DA:73,1
DA:74,1
DA:75,1
DA:76,1
DA:77,1
DA:78,1
DA:79,1
DA:80,1
DA:81,1
DA:82,1
DA:83,1
DA:84,1
DA:85,1
DA:86,1
DA:90,0
DA:91,0
DA:92,0
DA:93,0
DA:94,0
DA:95,0
DA:96,0
DA:97,0
DA:98,0
DA:99,0
DA:100,0
DA:101,0
DA:102,0
DA:103,0
DA:104,0
DA:105,0
LF:63
LH:47
end_of_record
SF:lib\core\common\genre_model.dart
DA:5,2
DA:13,4
DA:14,2
DA:15,2
DA:18,2
DA:19,1
DA:20,1
DA:23,2
DA:24,6
DA:27,1
DA:28,3
LF:11
LH:11
end_of_record
SF:lib\movie\data\models\movie_response.dart
DA:7,2
DA:9,4
DA:10,4
DA:11,6
DA:12,6
DA:15,2
DA:16,5
DA:19,1
DA:20,2
LF:9
LH:9
end_of_record
SF:lib\tv_series\data\models\tv_series_response.dart
DA:7,1
DA:9,1
DA:10,1
DA:11,2
DA:12,3
DA:13,3
DA:16,2
DA:17,5
DA:20,0
DA:21,0
LF:10
LH:8
end_of_record
SF:lib\movie\domain\usecases\search_movies.dart
DA:9,1
DA:11,1
DA:12,2
LF:3
LH:3
end_of_record
SF:lib\movie\presentation\bloc\movie_search\movie_search_bloc.dart
DA:10,3
DA:11,1
DA:12,1
DA:13,1
DA:15,2
DA:18,1
DA:19,3
DA:22,1
DA:26,1
DA:28,1
DA:29,2
DA:33,2
DA:35,2
DA:37,1
DA:38,4
DA:39,3
DA:43,1
DA:47,2
LF:18
LH:18
end_of_record
SF:lib\movie\presentation\bloc\movie_search\movie_search_event.dart
DA:4,1
DA:6,0
DA:7,0
DA:13,0
DA:15,0
DA:16,0
LF:6
LH:1
end_of_record
SF:lib\movie\presentation\bloc\movie_search\movie_search_state.dart
DA:5,1
DA:7,1
DA:8,1
DA:18,1
DA:20,1
DA:21,2
DA:27,1
DA:29,1
DA:30,2
LF:9
LH:9
end_of_record
SF:lib\movie\data\repositories\movie_repository_impl.dart
DA:17,1
DA:22,1
DA:25,2
DA:26,5
DA:27,1
DA:29,1
DA:34,1
DA:37,2
DA:38,2
DA:39,1
DA:41,1
DA:46,1
DA:49,2
DA:50,3
DA:51,1
DA:53,1
DA:58,1
DA:61,2
DA:62,5
DA:63,1
DA:65,1
DA:70,1
DA:73,2
DA:74,5
DA:75,1
DA:77,1
DA:82,1
DA:85,2
DA:86,5
DA:87,1
DA:89,1
DA:94,1
DA:98,3
DA:99,1
DA:100,1
DA:101,3
DA:107,1
DA:111,3
DA:112,1
DA:113,1
DA:114,3
DA:118,1
DA:120,2
DA:124,1
DA:126,2
DA:127,5
LF:46
LH:46
end_of_record
SF:lib\movie\domain\usecases\get_movie_detail.dart
DA:9,1
DA:11,1
DA:12,2
LF:3
LH:3
end_of_record
SF:lib\movie\domain\usecases\get_movie_recommendations.dart
DA:9,1
DA:11,1
DA:12,2
LF:3
LH:3
end_of_record
SF:lib\movie\domain\usecases\get_watchlist_status.dart
DA:6,1
DA:8,1
DA:9,2
LF:3
LH:3
end_of_record
SF:lib\movie\domain\usecases\remove_watchlist.dart
DA:9,1
DA:11,1
DA:12,2
LF:3
LH:3
end_of_record
SF:lib\movie\domain\usecases\save_watchlist.dart
DA:9,1
DA:11,1
DA:12,2
LF:3
LH:3
end_of_record
SF:lib\movie\presentation\bloc\movie_detail\movie_detail_bloc.dart
DA:13,1
DA:15,2
DA:16,2
DA:19,1
DA:23,2
DA:25,3
DA:27,1
DA:28,4
DA:29,3
DA:37,1
DA:39,2
DA:40,2
DA:43,1
DA:47,2
DA:49,3
DA:51,1
DA:52,4
DA:53,3
DA:66,1
DA:70,1
DA:71,2
DA:72,2
DA:73,2
DA:76,1
DA:80,3
DA:81,2
DA:84,1
DA:88,3
DA:90,1
DA:91,2
DA:92,2
DA:96,1
DA:100,3
DA:102,1
DA:103,2
DA:104,2
LF:36
LH:36
end_of_record
SF:lib\movie\presentation\bloc\movie_detail\movie_detail_event.dart
DA:5,0
DA:7,0
DA:8,0
DA:14,0
DA:16,0
DA:17,0
DA:23,0
DA:25,0
DA:26,0
DA:32,0
DA:34,0
DA:35,0
DA:41,0
DA:43,0
DA:44,0
LF:15
LH:0
end_of_record
SF:lib\movie\presentation\bloc\movie_detail\movie_detail_state.dart
DA:6,1
DA:8,1
DA:9,1
DA:19,1
DA:21,1
DA:22,2
DA:28,1
DA:30,1
DA:31,2
DA:36,1
DA:38,1
DA:39,1
DA:49,1
DA:51,1
DA:52,2
DA:58,1
DA:60,1
DA:61,2
DA:68,3
DA:70,1
DA:71,2
DA:77,0
DA:79,0
DA:80,0
LF:24
LH:21
end_of_record
SF:lib\movie\domain\usecases\get_now_playing_movies.dart
DA:9,1
DA:11,1
DA:12,2
LF:3
LH:3
end_of_record
SF:lib\tv_series\domain\usecases\get_on_the_air_tv_series.dart
DA:9,1
DA:11,1
DA:12,2
LF:3
LH:3
end_of_record
SF:lib\movie\domain\usecases\get_popular_movies.dart
DA:9,1
DA:11,1
DA:12,2
LF:3
LH:3
end_of_record
SF:lib\tv_series\domain\usecases\get_popular_tv_series.dart
DA:9,1
DA:11,1
DA:12,2
LF:3
LH:3
end_of_record
SF:lib\movie\domain\usecases\get_top_rated_movies.dart
DA:9,1
DA:11,1
DA:12,2
LF:3
LH:3
end_of_record
SF:lib\tv_series\domain\usecases\get_top_rated_tv_series.dart
DA:9,1
DA:11,1
DA:12,2
LF:3
LH:3
end_of_record
SF:lib\tv_series\domain\usecases\get_tv_series_detail.dart
DA:9,1
DA:11,1
DA:12,2
LF:3
LH:3
end_of_record
SF:lib\tv_series\domain\usecases\get_tv_series_recommendations.dart
DA:9,1
DA:11,1
DA:12,2
LF:3
LH:3
end_of_record
SF:lib\movie\domain\usecases\get_watchlist_movies.dart
DA:9,1
DA:11,1
DA:12,2
LF:3
LH:3
end_of_record
SF:lib\tv_series\domain\usecases\get_watchlist_tv_series_status.dart
DA:6,1
DA:8,1
DA:9,2
LF:3
LH:3
end_of_record
SF:lib\tv_series\domain\usecases\get_watchlist_tv_series.dart
DA:9,1
DA:11,1
DA:12,2
LF:3
LH:3
end_of_record
SF:lib\tv_series\domain\usecases\remove_tv_series_watchlist.dart
DA:9,1
DA:11,1
DA:12,2
LF:3
LH:3
end_of_record
SF:lib\tv_series\domain\usecases\save_tv_series_watchlist.dart
DA:9,1
DA:11,1
DA:12,2
LF:3
LH:3
end_of_record
SF:lib\tv_series\domain\usecases\search_tv_series.dart
DA:9,1
DA:11,1
DA:12,2
LF:3
LH:3
end_of_record
SF:lib\tv_series\presentation\bloc\on_the_air_tv_series_bloc.dart
DA:9,1
DA:10,2
DA:11,2
DA:14,1
DA:18,2
DA:19,2
DA:20,1
DA:21,4
DA:22,3
LF:9
LH:9
end_of_record
SF:lib\tv_series\presentation\bloc\on_the_air_tv_series_event_state.dart
DA:6,1
DA:8,0
DA:9,0
DA:16,1
DA:18,1
DA:19,1
DA:29,1
DA:31,1
DA:32,2
DA:38,1
DA:40,1
DA:41,2
LF:12
LH:10
end_of_record
SF:lib\tv_series\presentation\bloc\popular_tv_series_bloc.dart
DA:9,1
DA:10,2
DA:11,2
DA:14,1
DA:18,2
DA:19,2
DA:20,1
DA:21,4
DA:22,3
LF:9
LH:9
end_of_record
SF:lib\tv_series\presentation\bloc\popular_tv_series_event_state.dart
DA:6,1
DA:8,0
DA:9,0
DA:16,1
DA:18,1
DA:19,1
DA:29,1
DA:31,1
DA:32,2
DA:38,1
DA:40,1
DA:41,2
LF:12
LH:10
end_of_record
SF:lib\tv_series\presentation\bloc\top_rated_tv_series_bloc.dart
DA:9,1
DA:10,2
DA:11,2
DA:14,1
DA:18,2
DA:19,2
DA:20,1
DA:21,4
DA:22,3
LF:9
LH:9
end_of_record
SF:lib\tv_series\presentation\bloc\top_rated_tv_series_event_state.dart
DA:6,1
DA:8,0
DA:9,0
DA:16,1
DA:18,1
DA:19,1
DA:29,1
DA:31,1
DA:32,2
DA:38,1
DA:40,1
DA:41,2
LF:12
LH:10
end_of_record
SF:lib\tv_series\presentation\bloc\tv_series_detail_bloc.dart
DA:15,1
DA:20,2
DA:21,2
DA:22,2
DA:23,2
DA:24,2
DA:27,1
DA:31,2
DA:32,3
DA:33,3
DA:35,1
DA:36,4
DA:37,3
DA:44,1
DA:48,3
DA:49,1
DA:50,4
DA:51,1
DA:52,2
DA:53,4
DA:58,1
DA:62,3
DA:63,1
DA:64,0
DA:65,1
DA:66,2
DA:67,4
DA:72,0
DA:76,0
DA:77,0
DA:78,0
DA:79,0
LF:32
LH:26
end_of_record
SF:lib\tv_series\presentation\bloc\tv_series_detail_event_state.dart
DA:6,1
DA:8,0
DA:9,0
DA:15,1
DA:17,0
DA:18,0
DA:24,1
DA:26,0
DA:27,0
DA:33,1
DA:35,0
DA:36,0
DA:42,0
DA:44,0
DA:45,0
DA:50,1
DA:52,1
DA:53,1
DA:64,1
DA:69,0
DA:73,0
DA:74,0
DA:75,0
DA:79,1
DA:80,3
DA:86,1
DA:88,1
DA:89,2
DA:95,1
DA:97,1
DA:98,2
LF:31
LH:16
end_of_record
SF:lib\tv_series\presentation\bloc\tv_series_watchlist_bloc.dart
DA:9,1
DA:10,2
DA:11,2
DA:14,1
DA:18,2
DA:19,2
DA:21,1
DA:22,4
DA:23,3
LF:9
LH:9
end_of_record
SF:lib\tv_series\presentation\bloc\tv_series_watchlist_event_state.dart
DA:6,1
DA:8,0
DA:9,0
DA:16,1
DA:18,1
DA:19,1
DA:29,1
DA:31,1
DA:32,2
DA:38,1
DA:40,1
DA:41,2
LF:12
LH:10
end_of_record
SF:lib\tv_series\presentation\bloc\tv_series_search_bloc.dart
DA:10,1
DA:11,2
DA:12,1
DA:13,1
DA:14,1
DA:18,1
DA:22,1
DA:24,1
DA:25,0
DA:29,2
DA:30,2
DA:32,1
DA:33,4
DA:34,3
DA:38,1
DA:39,3
LF:16
LH:15
end_of_record
SF:lib\tv_series\presentation\bloc\tv_series_search_event_state.dart
DA:6,1
DA:8,0
DA:9,0
DA:15,1
DA:17,0
DA:18,0
DA:23,1
DA:25,1
DA:26,1
DA:36,1
DA:38,1
DA:39,2
DA:45,1
DA:47,1
DA:48,2
LF:15
LH:11
end_of_record
SF:lib\movie\presentation\bloc\watchlist_movie\watchlist_movie_bloc.dart
DA:9,3
DA:10,2
DA:13,1
DA:17,2
DA:19,2
DA:21,1
DA:22,4
DA:23,3
LF:8
LH:8
end_of_record
SF:lib\movie\presentation\bloc\watchlist_movie\watchlist_movie_event.dart
DA:4,1
DA:6,0
DA:7,0
LF:3
LH:1
end_of_record
SF:lib\movie\presentation\bloc\watchlist_movie\watchlist_movie_state.dart
DA:5,1
DA:7,1
DA:8,1
DA:18,1
DA:20,1
DA:21,2
DA:27,1
DA:29,1
DA:30,2
LF:9
LH:9
end_of_record
